[2024-07-14 23:20:19,119] [INFO] === Полученная подпись (receivedSign): 5007ae196ca140503421185a3d66b89072c7f7681b7ef34b7bbb54b53bdfab30 ===
[2024-07-14 23:20:19,135] [INFO] === Наша подпись (sign_my): 5007ae196ca140503421185a3d66b89072c7f7681b7ef34b7bbb54b53bdfab30 === 
[2024-07-14 23:20:19,136] [INFO] === Совпадение - Signature is awesome === 
[2024-07-14 23:20:19,138] [ERROR] =!!! Нет необходимого ключа !!!=: 'payment_init'
[2024-07-14 23:20:19,138] [ERROR] Error handling request
Traceback (most recent call last):
  File "/home/marat/PycharmProjects/botsAdmin/venv/lib/python3.10/site-packages/aiohttp/web_protocol.py", line 452, in _handle_request
    resp = await request_handler(request)
  File "/home/marat/PycharmProjects/botsAdmin/venv/lib/python3.10/site-packages/aiohttp/web_app.py", line 543, in _handle
    resp = await handler(request)
  File "/home/marat/PycharmProjects/botsAdmin/Prodamus/payment_verification.py", line 70, in payment_notification
    add_payments(data_json)
  File "/home/marat/PycharmProjects/botsAdmin/Prodamus/DB_Sqlite/adding_payments.py", line 24, in add_payments
    data = data_to_dataDB(data_dict)  # Переводим словарь данных в кортеж, для последующего занесения в БД
  File "/home/marat/PycharmProjects/botsAdmin/Prodamus/DB_Sqlite/adding_payments.py", line 74, in data_to_dataDB
    return dataDB
UnboundLocalError: local variable 'dataDB' referenced before assignment
[2024-07-14 23:20:19,141] [INFO] 127.0.0.1 [14/Jul/2024:23:20:19 +0300] "POST /prodamus/notification HTTP/1.1" 500 245 "-" "PostmanRuntime/7.22.0"
[2024-07-14 23:22:04,560] [INFO] === Полученная подпись (receivedSign): 5007ae196ca140503421185a3d66b89072c7f7681b7ef34b7bbb54b53bdfab30 ===
[2024-07-14 23:22:04,562] [INFO] === Наша подпись (sign_my): 18c2bba1d92842ddef84a44fb08c2fc412626a7ee6c7bcbbb4666c081ff38616 === 
[2024-07-14 23:22:04,562] [ERROR] =!!! Плохо - Signature is incorrect !!!=
[2024-07-14 23:22:04,563] [INFO] 127.0.0.1 [14/Jul/2024:23:22:04 +0300] "POST /prodamus/notification HTTP/1.1" 400 199 "-" "PostmanRuntime/7.22.0"
[2024-07-14 23:22:35,659] [INFO] === Полученная подпись (receivedSign): 18c2bba1d92842ddef84a44fb08c2fc412626a7ee6c7bcbbb4666c081ff38616 ===
[2024-07-14 23:22:35,659] [INFO] === Наша подпись (sign_my): 18c2bba1d92842ddef84a44fb08c2fc412626a7ee6c7bcbbb4666c081ff38616 === 
[2024-07-14 23:22:35,661] [INFO] === Совпадение - Signature is awesome === 
[2024-07-14 23:22:35,665] [INFO] Данные внесены.Файл БД Sqlite: /home/marat/PycharmProjects/botsAdmin/Prodamus/payments.sqlite3

[2024-07-14 23:22:35,678] [INFO] 127.0.0.1 [14/Jul/2024:23:22:35 +0300] "POST /prodamus/notification HTTP/1.1" 200 153 "-" "PostmanRuntime/7.22.0"
